<?xml version="1.0" encoding="UTF-8"?>
<!-- Generated by org.testng.reporters.JUnitXMLReporter -->
<testsuite hostname="Pablos-MacBook-Air.local" name="Default test" tests="3" failures="0" timestamp="23 May 2015 00:29:23 GMT" time="0.062" errors="0">
  <testcase name="getGateway" time="0.023" classname="com.onenow.execution.NetworkConfigTest"/>
  <testcase name="getRDBMS" time="0.0" classname="com.onenow.execution.NetworkConfigTest"/>
  <testcase name="getTSDB" time="0.001" classname="com.onenow.execution.NetworkConfigTest"/>
</testsuite> <!-- Default test -->
